{"C:\\Users\\emane\\OneDrive\\Desktop\\copy-cat-testing\\src\\styles.js": {"path":"C:\\Users\\emane\\OneDrive\\Desktop\\copy-cat-testing\\src\\styles.js","statementMap":{"0":{"start":{"line":1,"column":19},"end":{"line":1,"column":null}},"1":{"start":{"line":2,"column":17},"end":{"line":2,"column":null}},"2":{"start":{"line":3,"column":24},"end":{"line":3,"column":null}},"3":{"start":{"line":4,"column":18},"end":{"line":4,"column":null}},"4":{"start":{"line":5,"column":17},"end":{"line":5,"column":null}},"5":{"start":{"line":6,"column":16},"end":{"line":6,"column":null}},"6":{"start":{"line":7,"column":22},"end":{"line":7,"column":null}},"7":{"start":{"line":8,"column":19},"end":{"line":8,"column":null}},"8":{"start":{"line":9,"column":23},"end":{"line":9,"column":null}},"9":{"start":{"line":10,"column":14},"end":{"line":10,"column":null}},"10":{"start":{"line":11,"column":18},"end":{"line":11,"column":null}},"11":{"start":{"line":12,"column":14},"end":{"line":12,"column":null}},"12":{"start":{"line":14,"column":18},"end":{"line":25,"column":null}},"13":{"start":{"line":27,"column":18},"end":{"line":30,"column":null}},"14":{"start":{"line":32,"column":22},"end":{"line":35,"column":null}}},"fnMap":{},"branchMap":{},"s":{"0":2,"1":2,"2":2,"3":2,"4":2,"5":2,"6":2,"7":2,"8":2,"9":2,"10":2,"11":2,"12":2,"13":2,"14":2},"f":{},"b":{},"meta":{"lastBranch":0,"lastFunction":0,"lastStatement":15,"seen":{"s:1:19:1:Infinity":0,"s:2:17:2:Infinity":1,"s:3:24:3:Infinity":2,"s:4:18:4:Infinity":3,"s:5:17:5:Infinity":4,"s:6:16:6:Infinity":5,"s:7:22:7:Infinity":6,"s:8:19:8:Infinity":7,"s:9:23:9:Infinity":8,"s:10:14:10:Infinity":9,"s:11:18:11:Infinity":10,"s:12:14:12:Infinity":11,"s:14:18:25:Infinity":12,"s:27:18:30:Infinity":13,"s:32:22:35:Infinity":14}}}
,"C:\\Users\\emane\\OneDrive\\Desktop\\copy-cat-testing\\src\\components\\CopyCat.jsx": {"path":"C:\\Users\\emane\\OneDrive\\Desktop\\copy-cat-testing\\src\\components\\CopyCat.jsx","statementMap":{"0":{"start":{"line":5,"column":15},"end":{"line":10,"column":null}},"1":{"start":{"line":12,"column":13},"end":{"line":37,"column":null}},"2":{"start":{"line":19,"column":2},"end":{"line":37,"column":null}}},"fnMap":{"0":{"name":"(anonymous_0)","decl":{"start":{"line":12,"column":13},"end":{"line":12,"column":24}},"loc":{"start":{"line":18,"column":6},"end":{"line":37,"column":null}},"line":18}},"branchMap":{"0":{"loc":{"start":{"line":21,"column":49},"end":{"line":21,"column":null}},"type":"binary-expr","locations":[{"start":{"line":21,"column":49},"end":{"line":21,"column":57}},{"start":{"line":21,"column":57},"end":{"line":21,"column":null}}],"line":21},"1":{"loc":{"start":{"line":31,"column":12},"end":{"line":31,"column":null}},"type":"cond-expr","locations":[{"start":{"line":31,"column":24},"end":{"line":31,"column":36}},{"start":{"line":31,"column":36},"end":{"line":31,"column":null}}],"line":31},"2":{"loc":{"start":{"line":32,"column":12},"end":{"line":32,"column":null}},"type":"cond-expr","locations":[{"start":{"line":32,"column":24},"end":{"line":32,"column":41}},{"start":{"line":32,"column":41},"end":{"line":32,"column":null}}],"line":32},"3":{"loc":{"start":{"line":37,"column":36},"end":{"line":37,"column":59}},"type":"binary-expr","locations":[{"start":{"line":37,"column":36},"end":{"line":37,"column":49}},{"start":{"line":37,"column":49},"end":{"line":37,"column":59}}],"line":37}},"s":{"0":2,"1":2,"2":63},"f":{"0":63},"b":{"0":[63,60],"1":[60,3],"2":[60,3],"3":[63,60]},"meta":{"lastBranch":4,"lastFunction":1,"lastStatement":3,"seen":{"s:5:15:10:Infinity":0,"s:12:13:37:Infinity":1,"f:12:13:12:24":0,"s:19:2:37:Infinity":2,"b:21:49:21:57:21:57:21:Infinity":0,"b:31:24:31:36:31:36:31:Infinity":1,"b:32:24:32:41:32:41:32:Infinity":2,"b:37:36:37:49:37:49:37:59":3}}}
,"C:\\Users\\emane\\OneDrive\\Desktop\\copy-cat-testing\\src\\containers\\CopyCatContainer.jsx": {"path":"C:\\Users\\emane\\OneDrive\\Desktop\\copy-cat-testing\\src\\containers\\CopyCatContainer.jsx","statementMap":{"0":{"start":{"line":4,"column":13},"end":{"line":24,"column":null}},"1":{"start":{"line":5,"column":20},"end":{"line":5,"column":50}},"2":{"start":{"line":6,"column":16},"end":{"line":6,"column":40}},"3":{"start":{"line":8,"column":8},"end":{"line":10,"column":null}},"4":{"start":{"line":9,"column":18},"end":{"line":9,"column":null}},"5":{"start":{"line":10,"column":4},"end":{"line":10,"column":null}},"6":{"start":{"line":13,"column":8},"end":{"line":14,"column":null}},"7":{"start":{"line":14,"column":4},"end":{"line":14,"column":null}},"8":{"start":{"line":17,"column":2},"end":{"line":24,"column":null}}},"fnMap":{"0":{"name":"(anonymous_0)","decl":{"start":{"line":4,"column":13},"end":{"line":4,"column":38}},"loc":{"start":{"line":4,"column":38},"end":{"line":24,"column":null}},"line":4},"1":{"name":"(anonymous_1)","decl":{"start":{"line":8,"column":8},"end":{"line":8,"column":24}},"loc":{"start":{"line":8,"column":30},"end":{"line":10,"column":null}},"line":8},"2":{"name":"(anonymous_2)","decl":{"start":{"line":13,"column":8},"end":{"line":13,"column":27}},"loc":{"start":{"line":13,"column":27},"end":{"line":14,"column":null}},"line":13}},"branchMap":{},"s":{"0":1,"1":60,"2":60,"3":60,"4":54,"5":54,"6":60,"7":3,"8":60},"f":{"0":60,"1":54,"2":3},"b":{},"meta":{"lastBranch":0,"lastFunction":3,"lastStatement":9,"seen":{"s:4:13:24:Infinity":0,"f:4:13:4:38":0,"s:5:20:5:50":1,"s:6:16:6:40":2,"s:8:8:10:Infinity":3,"f:8:8:8:24":1,"s:9:18:9:Infinity":4,"s:10:4:10:Infinity":5,"s:13:8:14:Infinity":6,"f:13:8:13:27":2,"s:14:4:14:Infinity":7,"s:17:2:24:Infinity":8}}}
}
